[    0.000000] Linux version 4.15.0-101-generic (buildd@lgw01-amd64-003) (gcc version 7.5.0 (Ubuntu 7.5.0-3ubuntu1~18.04)) #102-Ubuntu SMP Mon May 11 10:07:26 UTC 2020 (Ubuntu 4.15.0-101.102-generic 4.15.18)
[    0.000000] Command line: BOOT_IMAGE=/boot/vmlinuz-4.15.0-101-generic root=LABEL=cloudimg-rootfs ro console=tty1 console=ttyS0
[    0.000000] KERNEL supported cpus:
[    0.000000]   Intel GenuineIntel
[    0.000000]   AMD AuthenticAMD
[    0.000000]   Centaur CentaurHauls
[    0.000000] x86/fpu: Supporting XSAVE feature 0x001: 'x87 floating point registers'
[    0.000000] x86/fpu: Supporting XSAVE feature 0x002: 'SSE registers'
[    0.000000] x86/fpu: Supporting XSAVE feature 0x004: 'AVX registers'
[    0.000000] x86/fpu: xstate_offset[2]:  576, xstate_sizes[2]:  256
[    0.000000] x86/fpu: Enabled xstate features 0x7, context size is 832 bytes, using 'standard' format.
[    0.000000] e820: BIOS-provided physical RAM map:
[    0.000000] BIOS-e820: [mem 0x0000000000000000-0x000000000009fbff] usable
[    0.000000] BIOS-e820: [mem 0x000000000009fc00-0x000000000009ffff] reserved
[    0.000000] BIOS-e820: [mem 0x00000000000f0000-0x00000000000fffff] reserved
[    0.000000] BIOS-e820: [mem 0x0000000000100000-0x000000003ffeffff] usable
[    0.000000] BIOS-e820: [mem 0x000000003fff0000-0x000000003fffffff] ACPI data
[    0.000000] BIOS-e820: [mem 0x00000000fec00000-0x00000000fec00fff] reserved
[    0.000000] BIOS-e820: [mem 0x00000000fee00000-0x00000000fee00fff] reserved
[    0.000000] BIOS-e820: [mem 0x00000000fffc0000-0x00000000ffffffff] reserved
[    0.000000] NX (Execute Disable) protection: active
[    0.000000] SMBIOS 2.5 present.
[    0.000000] DMI: innotek GmbH VirtualBox/VirtualBox, BIOS VirtualBox 12/01/2006
[    0.000000] Hypervisor detected: KVM
[    0.000000] e820: last_pfn = 0x3fff0 max_arch_pfn = 0x400000000
[    0.000000] MTRR: Disabled
[    0.000000] x86/PAT: MTRRs disabled, skipping PAT initialization too.
[    0.000000] CPU MTRRs all blank - virtualized system.
[    0.000000] x86/PAT: Configuration [0-7]: WB  WT  UC- UC  WB  WT  UC- UC  
[    0.000000] found SMP MP-table at [mem 0x0009fff0-0x0009ffff]
[    0.000000] Scanning 1 areas for low memory corruption
[    0.000000] RAMDISK: [mem 0x35a6f000-0x36d2efff]
[    0.000000] ACPI: Early table checksum verification disabled
[    0.000000] ACPI: RSDP 0x00000000000E0000 000024 (v02 VBOX  )
[    0.000000] ACPI: XSDT 0x000000003FFF0030 00003C (v01 VBOX   VBOXXSDT 00000001 ASL  00000061)
[    0.000000] ACPI: FACP 0x000000003FFF00F0 0000F4 (v04 VBOX   VBOXFACP 00000001 ASL  00000061)
[    0.000000] ACPI: DSDT 0x000000003FFF0470 002325 (v02 VBOX   VBOXBIOS 00000002 INTL 20100528)
[    0.000000] ACPI: FACS 0x000000003FFF0200 000040
[    0.000000] ACPI: FACS 0x000000003FFF0200 000040
[    0.000000] ACPI: APIC 0x000000003FFF0240 00005C (v02 VBOX   VBOXAPIC 00000001 ASL  00000061)
[    0.000000] ACPI: SSDT 0x000000003FFF02A0 0001CC (v01 VBOX   VBOXCPUT 00000002 INTL 20100528)
[    0.000000] No NUMA configuration found
[    0.000000] Faking a node at [mem 0x0000000000000000-0x000000003ffeffff]
[    0.000000] NODE_DATA(0) allocated [mem 0x3ffc5000-0x3ffeffff]
[    0.000000] kvm-clock: cpu 0, msr 0:3ff44001, primary cpu clock
[    0.000000] kvm-clock: Using msrs 4b564d01 and 4b564d00
[    0.000000] kvm-clock: using sched offset of 4119720170 cycles
[    0.000000] clocksource: kvm-clock: mask: 0xffffffffffffffff max_cycles: 0x1cd42e4dffb, max_idle_ns: 881590591483 ns
[    0.000000] Zone ranges:
[    0.000000]   DMA      [mem 0x0000000000001000-0x0000000000ffffff]
[    0.000000]   DMA32    [mem 0x0000000001000000-0x000000003ffeffff]
[    0.000000]   Normal   empty
[    0.000000]   Device   empty
[    0.000000] Movable zone start for each node
[    0.000000] Early memory node ranges
[    0.000000]   node   0: [mem 0x0000000000001000-0x000000000009efff]
[    0.000000]   node   0: [mem 0x0000000000100000-0x000000003ffeffff]
[    0.000000] Reserved but unavailable: 98 pages
[    0.000000] Initmem setup node 0 [mem 0x0000000000001000-0x000000003ffeffff]
[    0.000000] ACPI: PM-Timer IO Port: 0x4008
[    0.000000] IOAPIC[0]: apic_id 2, version 32, address 0xfec00000, GSI 0-23
[    0.000000] ACPI: INT_SRC_OVR (bus 0 bus_irq 0 global_irq 2 dfl dfl)
[    0.000000] ACPI: INT_SRC_OVR (bus 0 bus_irq 9 global_irq 9 low level)
[    0.000000] Using ACPI (MADT) for SMP configuration information
[    0.000000] smpboot: Allowing 2 CPUs, 0 hotplug CPUs
[    0.000000] PM: Registered nosave memory: [mem 0x00000000-0x00000fff]
[    0.000000] PM: Registered nosave memory: [mem 0x0009f000-0x0009ffff]
[    0.000000] PM: Registered nosave memory: [mem 0x000a0000-0x000effff]
[    0.000000] PM: Registered nosave memory: [mem 0x000f0000-0x000fffff]
[    0.000000] e820: [mem 0x40000000-0xfebfffff] available for PCI devices
[    0.000000] Booting paravirtualized kernel on KVM
[    0.000000] clocksource: refined-jiffies: mask: 0xffffffff max_cycles: 0xffffffff, max_idle_ns: 7645519600211568 ns
[    0.000000] random: get_random_bytes called from start_kernel+0x99/0x4fd with crng_init=0
[    0.000000] setup_percpu: NR_CPUS:8192 nr_cpumask_bits:2 nr_cpu_ids:2 nr_node_ids:1
[    0.000000] percpu: Embedded 45 pages/cpu s147456 r8192 d28672 u1048576
[    0.000000] PV qspinlock hash table entries: 256 (order: 0, 4096 bytes)
[    0.000000] Built 1 zonelists, mobility grouping on.  Total pages: 257913
[    0.000000] Policy zone: DMA32
[    0.000000] Kernel command line: BOOT_IMAGE=/boot/vmlinuz-4.15.0-101-generic root=LABEL=cloudimg-rootfs ro console=tty1 console=ttyS0
[    0.000000] Memory: 983068K/1048120K available (12300K kernel code, 2481K rwdata, 4268K rodata, 2432K init, 2712K bss, 65052K reserved, 0K cma-reserved)
[    0.000000] SLUB: HWalign=64, Order=0-3, MinObjects=0, CPUs=2, Nodes=1
[    0.000000] Kernel/User page tables isolation: enabled
[    0.000000] ftrace: allocating 39364 entries in 154 pages
[    0.004000] Hierarchical RCU implementation.
[    0.004000] 	RCU restricting CPUs from NR_CPUS=8192 to nr_cpu_ids=2.
[    0.004000] 	Tasks RCU enabled.
[    0.004000] RCU: Adjusting geometry for rcu_fanout_leaf=16, nr_cpu_ids=2
[    0.004000] NR_IRQS: 524544, nr_irqs: 440, preallocated irqs: 16
[    0.004000] Console: colour VGA+ 80x25
[    0.004000] console [tty1] enabled
[    0.004000] console [ttyS0] enabled
[    0.004000] ACPI: Core revision 20170831
[    0.004000] ACPI: 2 ACPI AML tables successfully acquired and loaded
[    0.004000] APIC: Switch to symmetric I/O mode setup
[    0.004000] x2apic enabled
[    0.004000] Switched APIC routing to physical x2apic.
[    0.004000] ..TIMER: vector=0x30 apic1=0 pin1=2 apic2=-1 pin2=-1
[    0.004003] tsc: Detected 2999.998 MHz processor
[    0.004923] Calibrating delay loop (skipped) preset value.. 5999.99 BogoMIPS (lpj=11999992)
[    0.008002] pid_max: default: 32768 minimum: 301
[    0.008914] Security Framework initialized
[    0.009721] Yama: becoming mindful.
[    0.010437] AppArmor: AppArmor initialized
[    0.016000] Dentry cache hash table entries: 131072 (order: 8, 1048576 bytes)
[    0.016056] Inode-cache hash table entries: 65536 (order: 7, 524288 bytes)
[    0.020011] Mount-cache hash table entries: 2048 (order: 2, 16384 bytes)
[    0.021385] Mountpoint-cache hash table entries: 2048 (order: 2, 16384 bytes)
[    0.023082] Last level iTLB entries: 4KB 128, 2MB 8, 4MB 8
[    0.024002] Last level dTLB entries: 4KB 64, 2MB 0, 4MB 0, 1GB 4
[    0.025273] Spectre V1 : Mitigation: usercopy/swapgs barriers and __user pointer sanitization
[    0.027091] Spectre V2 : Mitigation: Full generic retpoline
[    0.028003] Spectre V2 : Spectre v2 / SpectreRSB mitigation: Filling RSB on context switch
[    0.029889] Speculative Store Bypass: Vulnerable
[    0.032031] MDS: Mitigation: Clear CPU buffers
[    0.033283] Freeing SMP alternatives memory: 36K
[    0.144129] smpboot: CPU0: Intel(R) Core(TM) i5-7400 CPU @ 3.00GHz (family: 0x6, model: 0x9e, stepping: 0x9)
[    0.146130] Performance Events: unsupported p6 CPU model 158 no PMU driver, software events only.
[    0.147877] Hierarchical SRCU implementation.
[    0.148531] NMI watchdog: Perf event create on CPU 0 failed with -2
[    0.149769] NMI watchdog: Perf NMI watchdog permanently disabled
[    0.151128] smp: Bringing up secondary CPUs ...
[    0.152068] x86: Booting SMP configuration:
[    0.152977] .... node  #0, CPUs:      #1
[    0.004000] kvm-clock: cpu 1, msr 0:3ff44041, secondary cpu clock
[    0.156029] smp: Brought up 1 node, 2 CPUs
[    0.156867] smpboot: Max logical packages: 1
[    0.157769] smpboot: Total of 2 processors activated (11999.99 BogoMIPS)
[    0.160096] devtmpfs: initialized
[    0.160826] x86/mm: Memory block size: 128MB
[    0.161846] evm: security.selinux
[    0.162585] evm: security.SMACK64
[    0.164003] evm: security.SMACK64EXEC
[    0.164788] evm: security.SMACK64TRANSMUTE
[    0.165644] evm: security.SMACK64MMAP
[    0.166412] evm: security.apparmor
[    0.167138] evm: security.ima
[    0.168003] evm: security.capability
[    0.168916] clocksource: jiffies: mask: 0xffffffff max_cycles: 0xffffffff, max_idle_ns: 7645041785100000 ns
[    0.172012] futex hash table entries: 512 (order: 3, 32768 bytes)
[    0.176020] pinctrl core: initialized pinctrl subsystem
[    0.180101] RTC time:  8:04:44, date: 06/05/20
[    0.181227] NET: Registered protocol family 16
[    0.182403] audit: initializing netlink subsys (disabled)
[    0.184009] audit: type=2000 audit(1591344289.955:1): state=initialized audit_enabled=0 res=1
[    0.185744] cpuidle: using governor ladder
[    0.185744] cpuidle: using governor menu
[    0.185744] ACPI: bus type PCI registered
[    0.188003] acpiphp: ACPI Hot Plug PCI Controller Driver version: 0.5
[    0.189329] PCI: Using configuration type 1 for base access
[    0.192040] HugeTLB registered 2.00 MiB page size, pre-allocated 0 pages
[    0.193358] ACPI: Added _OSI(Module Device)
[    0.193358] ACPI: Added _OSI(Processor Device)
[    0.193954] ACPI: Added _OSI(3.0 _SCP Extensions)
[    0.196003] ACPI: Added _OSI(Processor Aggregator Device)
[    0.197079] ACPI: Added _OSI(Linux-Dell-Video)
[    0.198168] ACPI: Added _OSI(Linux-Lenovo-NV-HDMI-Audio)
[    0.199238] ACPI: Added _OSI(Linux-HPI-Hybrid-Graphics)
[    0.200305] ACPI: Executed 1 blocks of module-level executable AML code
[    0.206194] ACPI: Interpreter enabled
[    0.206989] ACPI: (supports S0 S5)
[    0.208002] ACPI: Using IOAPIC for interrupt routing
[    0.209303] PCI: Using host bridge windows from ACPI; if necessary, use "pci=nocrs" and report a bug
[    0.211288] ACPI: Enabled 2 GPEs in block 00 to 07
[    0.220050] ACPI: PCI Root Bridge [PCI0] (domain 0000 [bus 00-ff])
[    0.221290] acpi PNP0A03:00: _OSC: OS supports [ASPM ClockPM Segments MSI]
[    0.223210] acpi PNP0A03:00: _OSC: not requesting OS control; OS requires [ExtendedConfig ASPM ClockPM MSI]
[    0.224013] acpi PNP0A03:00: fail to add MMCONFIG information, can't access extended PCI configuration space under this bridge.
[    0.226597] PCI host bridge to bus 0000:00
[    0.228003] pci_bus 0000:00: root bus resource [io  0x0000-0x0cf7 window]
[    0.229349] pci_bus 0000:00: root bus resource [io  0x0d00-0xffff window]
[    0.230631] pci_bus 0000:00: root bus resource [mem 0x000a0000-0x000bffff window]
[    0.232004] pci_bus 0000:00: root bus resource [mem 0x40000000-0xfdffffff window]
[    0.233674] pci_bus 0000:00: root bus resource [bus 00-ff]
[    0.238069] pci 0000:00:01.1: legacy IDE quirk: reg 0x10: [io  0x01f0-0x01f7]
[    0.239407] pci 0000:00:01.1: legacy IDE quirk: reg 0x14: [io  0x03f6]
[    0.240002] pci 0000:00:01.1: legacy IDE quirk: reg 0x18: [io  0x0170-0x0177]
[    0.241337] pci 0000:00:01.1: legacy IDE quirk: reg 0x1c: [io  0x0376]
[    0.262273] pci 0000:00:07.0: quirk: [io  0x4000-0x403f] claimed by PIIX4 ACPI
[    0.264032] pci 0000:00:07.0: quirk: [io  0x4100-0x410f] claimed by PIIX4 SMB
[    0.273577] ACPI: PCI Interrupt Link [LNKA] (IRQs 5 9 10 *11)
[    0.275188] ACPI: PCI Interrupt Link [LNKB] (IRQs 5 9 *10 11)
[    0.276113] ACPI: PCI Interrupt Link [LNKC] (IRQs 5 *9 10 11)
[    0.277645] ACPI: PCI Interrupt Link [LNKD] (IRQs 5 9 10 *11)
[    0.279211] SCSI subsystem initialized
[    0.280029] pci 0000:00:02.0: vgaarb: setting as boot VGA device
[    0.281316] pci 0000:00:02.0: vgaarb: VGA device added: decodes=io+mem,owns=io+mem,locks=none
[    0.283061] pci 0000:00:02.0: vgaarb: bridge control possible
[    0.284011] vgaarb: loaded
[    0.284766] ACPI: bus type USB registered
[    0.285659] usbcore: registered new interface driver usbfs
[    0.286934] usbcore: registered new interface driver hub
[    0.288055] usbcore: registered new device driver usb
[    0.289218] EDAC MC: Ver: 3.0.0
[    0.289218] PCI: Using ACPI for IRQ routing
[    0.292301] NetLabel: Initializing
[    0.293100] NetLabel:  domain hash size = 128
[    0.294111] NetLabel:  protocols = UNLABELED CIPSOv4 CALIPSO
[    0.295319] NetLabel:  unlabeled traffic allowed by default
[    0.296070] clocksource: Switched to clocksource kvm-clock
[    0.333536] VFS: Disk quotas dquot_6.6.0
[    0.334419] VFS: Dquot-cache hash table entries: 512 (order 0, 4096 bytes)
[    0.335768] AppArmor: AppArmor Filesystem Enabled
[    0.336755] pnp: PnP ACPI init
[    0.338507] pnp: PnP ACPI: found 3 devices
[    0.348382] clocksource: acpi_pm: mask: 0xffffff max_cycles: 0xffffff, max_idle_ns: 2085701024 ns
[    0.350162] NET: Registered protocol family 2
[    0.351210] TCP established hash table entries: 8192 (order: 4, 65536 bytes)
[    0.352623] TCP bind hash table entries: 8192 (order: 5, 131072 bytes)
[    0.361600] TCP: Hash tables configured (established 8192 bind 8192)
[    0.362865] UDP hash table entries: 512 (order: 2, 16384 bytes)
[    0.364161] UDP-Lite hash table entries: 512 (order: 2, 16384 bytes)
[    0.365408] NET: Registered protocol family 1
[    0.366336] pci 0000:00:00.0: Limiting direct PCI/PCI transfers
[    0.367496] pci 0000:00:01.0: Activating ISA DMA hang workarounds
[    0.368883] pci 0000:00:02.0: Video device with shadowed ROM at [mem 0x000c0000-0x000dffff]
[    0.370593] Unpacking initramfs...
[    0.703243] Freeing initrd memory: 19200K
[    0.704516] clocksource: tsc: mask: 0xffffffffffffffff max_cycles: 0x2b3e43c8763, max_idle_ns: 440795360101 ns
[    0.706543] platform rtc_cmos: registered platform RTC device (no PNP device found)
[    0.708099] Scanning for low memory corruption every 60 seconds
[    0.710139] Initialise system trusted keyrings
[    0.711103] Key type blacklist registered
[    0.712134] workingset: timestamp_bits=36 max_order=18 bucket_order=0
[    0.714491] zbud: loaded
[    0.715704] squashfs: version 4.0 (2009/01/31) Phillip Lougher
[    0.717183] fuse init (API version 7.26)
[    0.720940] Key type asymmetric registered
[    0.721808] Asymmetric key parser 'x509' registered
[    0.722900] Block layer SCSI generic (bsg) driver version 0.4 loaded (major 246)
[    0.724479] io scheduler noop registered
[    0.725372] io scheduler deadline registered
[    0.726289] io scheduler cfq registered (default)
[    0.727625] ACPI: AC Adapter [AC] (on-line)
[    0.728690] input: Power Button as /devices/LNXSYSTM:00/LNXPWRBN:00/input/input0
[    0.730286] ACPI: Power Button [PWRF]
[    0.731304] input: Sleep Button as /devices/LNXSYSTM:00/LNXSLPBN:00/input/input1
[    0.733051] ACPI: Sleep Button [SLPF]
[    0.734275] Serial: 8250/16550 driver, 32 ports, IRQ sharing enabled
[    0.756482] 00:02: ttyS0 at I/O 0x3f8 (irq = 4, base_baud = 115200) is a 16550A
[    0.761806] Linux agpgart interface v0.103
[    0.764128] loop: module loaded
[    0.765337] scsi host0: ata_piix
[    0.766182] scsi host1: ata_piix
[    0.766916] ata1: PATA max UDMA/33 cmd 0x1f0 ctl 0x3f6 bmdma 0xd000 irq 14
[    0.768293] ata2: PATA max UDMA/33 cmd 0x170 ctl 0x376 bmdma 0xd008 irq 15
[    0.769715] libphy: Fixed MDIO Bus: probed
[    0.770596] tun: Universal TUN/TAP device driver, 1.6
[    0.771722] PPP generic driver version 2.4.2
[    0.772738] ehci_hcd: USB 2.0 'Enhanced' Host Controller (EHCI) Driver
[    0.774032] ehci-pci: EHCI PCI platform driver
[    0.774983] ehci-platform: EHCI generic platform driver
[    0.776066] ohci_hcd: USB 1.1 'Open' Host Controller (OHCI) Driver
[    0.777321] ohci-pci: OHCI PCI platform driver
[    0.778234] ohci-platform: OHCI generic platform driver
[    0.779457] uhci_hcd: USB Universal Host Controller Interface driver
[    0.780886] i8042: PNP: PS/2 Controller [PNP0303:PS2K,PNP0f03:PS2M] at 0x60,0x64 irq 1,12
[    0.783218] serio: i8042 KBD port at 0x60,0x64 irq 1
[    0.784244] serio: i8042 AUX port at 0x60,0x64 irq 12
[    0.785505] mousedev: PS/2 mouse device common for all mice
[    0.787353] rtc_cmos rtc_cmos: rtc core: registered rtc_cmos as rtc0
[    0.788763] rtc_cmos rtc_cmos: alarms up to one day, 114 bytes nvram
[    0.790078] i2c /dev entries driver
[    0.790861] input: AT Translated Set 2 keyboard as /devices/platform/i8042/serio0/input/input2
[    0.792093] device-mapper: uevent: version 1.0.3
[    0.794135] device-mapper: ioctl: 4.37.0-ioctl (2017-09-20) initialised: dm-devel@redhat.com
[    0.796042] ledtrig-cpu: registered to indicate activity on CPUs
[    0.797924] NET: Registered protocol family 10
[    0.803020] Segment Routing with IPv6
[    0.803902] NET: Registered protocol family 17
[    0.805030] Key type dns_resolver registered
[    0.806117] mce: Using 0 MCE banks
[    0.807062] RAS: Correctable Errors collector initialized.
[    0.808203] sched_clock: Marking stable (806058260, 0)->(994899696, -188841436)
[    0.810022] registered taskstats version 1
[    0.810900] Loading compiled-in X.509 certificates
[    0.814039] Loaded X.509 cert 'Build time autogenerated kernel key: 81757e40860ca54b8a45e323b66799c03c91a344'
[    0.816078] zswap: loaded using pool lzo/zbud
[    0.820287] Key type big_key registered
[    0.821161] Key type trusted registered
[    0.823530] Key type encrypted registered
[    0.824514] AppArmor: AppArmor sha1 policy hashing enabled
[    0.825615] ima: No TPM chip found, activating TPM-bypass! (rc=-19)
[    0.826843] ima: Allocated hash algorithm: sha1
[    0.827794] evm: HMAC attrs: 0x1
[    0.828967]   Magic number: 8:733:67
[    0.829863] rtc_cmos rtc_cmos: setting system clock to 2020-06-05 08:04:45 UTC (1591344285)
[    0.832168] BIOS EDD facility v0.16 2004-Jun-25, 0 devices found
[    0.833418] EDD information not available.
[    0.971622] Freeing unused kernel image memory: 2432K
[    0.984407] Write protecting the kernel read-only data: 20480k
[    0.987256] Freeing unused kernel image memory: 2008K
[    0.989459] Freeing unused kernel image memory: 1876K
[    1.003999] x86/mm: Checked W+X mappings: passed, no W+X pages found.
[    1.005316] x86/mm: Checking user space page tables
[    1.013752] x86/mm: Checked W+X mappings: passed, no W+X pages found.
Loading, please wait...
starting version 237
[    1.082254] e1000: Intel(R) PRO/1000 Network Driver - version 7.3.21-k8-NAPI
[    1.083689] e1000: Copyright (c) 1999-2006 Intel Corporation.
[    1.088771] Fusion MPT base driver 3.04.20
[    1.089652] Copyright (c) 1999-2008 LSI Corporation
[    1.111538] Fusion MPT SPI Host driver 3.04.20
[    1.114401] AVX2 version of gcm_enc/dec engaged.
[    1.115400] AES CTR mode by8 optimization enabled
[    1.302582] input: ImExPS/2 Generic Explorer Mouse as /devices/platform/i8042/serio1/input/input4
[    1.518009] e1000 0000:00:03.0 eth0: (PCI:33MHz:32-bit) 02:d0:42:45:d9:44
[    1.522813] e1000 0000:00:03.0 eth0: Intel(R) PRO/1000 Network Connection
[    1.532246] e1000 0000:00:03.0 enp0s3: renamed from eth0
[    1.534374] mptbase: ioc0: Initiating bringup
[    2.683186] ioc0: LSI53C1030 A0: Capabilities={Initiator}
